c:\users\yuriyfirsov\visualstudioprojects\gamedev_task\x64\debug\vc143.pdb
c:\users\yuriyfirsov\visualstudioprojects\gamedev_task\x64\debug\vc143.idb
c:\users\yuriyfirsov\visualstudioprojects\gamedev_task\x64\debug\utils.obj
c:\users\yuriyfirsov\visualstudioprojects\gamedev_task\x64\debug\score_table.obj
c:\users\yuriyfirsov\visualstudioprojects\gamedev_task\x64\debug\player.obj
c:\users\yuriyfirsov\visualstudioprojects\gamedev_task\x64\debug\obstacle.obj
c:\users\yuriyfirsov\visualstudioprojects\gamedev_task\x64\debug\game_master.obj
c:\users\yuriyfirsov\visualstudioprojects\gamedev_task\x64\debug\game.obj
c:\users\yuriyfirsov\visualstudioprojects\gamedev_task\x64\debug\engine.obj
c:\users\yuriyfirsov\visualstudioprojects\gamedev_task\x64\debug\base_object.obj
c:\users\yuriyfirsov\visualstudioprojects\gamedev_task\x64\debug\gametemplate.exe
c:\users\yuriyfirsov\visualstudioprojects\gamedev_task\x64\debug\gametemplate.ilk
c:\users\yuriyfirsov\visualstudioprojects\gamedev_task\x64\debug\gametemplate.pdb
c:\users\yuriyfirsov\visualstudioprojects\gamedev_task\x64\debug\gametemplate.tlog\cl.command.1.tlog
c:\users\yuriyfirsov\visualstudioprojects\gamedev_task\x64\debug\gametemplate.tlog\cl.items.tlog
c:\users\yuriyfirsov\visualstudioprojects\gamedev_task\x64\debug\gametemplate.tlog\cl.read.1.tlog
c:\users\yuriyfirsov\visualstudioprojects\gamedev_task\x64\debug\gametemplate.tlog\cl.write.1.tlog
c:\users\yuriyfirsov\visualstudioprojects\gamedev_task\x64\debug\gametemplate.tlog\link.command.1.tlog
c:\users\yuriyfirsov\visualstudioprojects\gamedev_task\x64\debug\gametemplate.tlog\link.read.1.tlog
c:\users\yuriyfirsov\visualstudioprojects\gamedev_task\x64\debug\gametemplate.tlog\link.write.1.tlog
